<?xml version="1.0" encoding="UTF-8"?>
<testsuite xmlns:xsi="http://www.w3.org/2001/XMLSchema-instance" xsi:noNamespaceSchemaLocation="https://maven.apache.org/surefire/maven-surefire-plugin/xsd/surefire-test-report-3.0.xsd" version="3.0" name="pt.ulisboa.tecnico.learnjava.bank.account.DepositMethodTest" time="0.039" tests="6" errors="0" skipped="0" failures="0">
  <properties>
    <property name="java.specification.version" value="17"/>
    <property name="sun.jnu.encoding" value="UTF-8"/>
    <property name="java.class.path" value="/Users/ars/Repositories/bank2022/bank/target/test-classes:/Users/ars/Repositories/bank2022/bank/target/classes:/Users/ars/.m2/repository/org/spockframework/spock-core/2.0-groovy-3.0/spock-core-2.0-groovy-3.0.jar:/Users/ars/.m2/repository/org/junit/platform/junit-platform-engine/1.7.2/junit-platform-engine-1.7.2.jar:/Users/ars/.m2/repository/org/apiguardian/apiguardian-api/1.1.0/apiguardian-api-1.1.0.jar:/Users/ars/.m2/repository/org/opentest4j/opentest4j/1.2.0/opentest4j-1.2.0.jar:/Users/ars/.m2/repository/org/junit/platform/junit-platform-commons/1.7.2/junit-platform-commons-1.7.2.jar:/Users/ars/.m2/repository/org/hamcrest/hamcrest/2.2/hamcrest-2.2.jar:/Users/ars/.m2/repository/org/spockframework/spock-junit4/2.0-groovy-3.0/spock-junit4-2.0-groovy-3.0.jar:/Users/ars/.m2/repository/junit/junit/4.13.2/junit-4.13.2.jar:/Users/ars/.m2/repository/org/codehaus/groovy/groovy/3.0.8/groovy-3.0.8.jar:/Users/ars/.m2/repository/net/bytebuddy/byte-buddy/1.11.0/byte-buddy-1.11.0.jar:/Users/ars/.m2/repository/org/objenesis/objenesis/3.2/objenesis-3.2.jar:/Users/ars/.m2/repository/org/hamcrest/hamcrest-core/2.2/hamcrest-core-2.2.jar:"/>
    <property name="java.vm.vendor" value="Homebrew"/>
    <property name="sun.arch.data.model" value="64"/>
    <property name="java.vendor.url" value="https://github.com/Homebrew/homebrew-core/issues"/>
    <property name="user.timezone" value="Europe/Lisbon"/>
    <property name="os.name" value="Mac OS X"/>
    <property name="java.vm.specification.version" value="17"/>
    <property name="sun.java.launcher" value="SUN_STANDARD"/>
    <property name="user.country" value="PT"/>
    <property name="sun.boot.library.path" value="/usr/local/Cellar/openjdk/17.0.1/libexec/openjdk.jdk/Contents/Home/lib"/>
    <property name="sun.java.command" value="/Users/ars/Repositories/bank2022/bank/target/surefire/surefirebooter9743704920649942061.jar /Users/ars/Repositories/bank2022/bank/target/surefire 2022-01-27T22-20-58_509-jvmRun1 surefire4462213921682580074tmp surefire_09344625134420481755tmp"/>
    <property name="http.nonProxyHosts" value="local|*.local|169.254/16|*.169.254/16"/>
    <property name="jdk.debug" value="release"/>
    <property name="surefire.test.class.path" value="/Users/ars/Repositories/bank2022/bank/target/test-classes:/Users/ars/Repositories/bank2022/bank/target/classes:/Users/ars/.m2/repository/org/spockframework/spock-core/2.0-groovy-3.0/spock-core-2.0-groovy-3.0.jar:/Users/ars/.m2/repository/org/junit/platform/junit-platform-engine/1.7.2/junit-platform-engine-1.7.2.jar:/Users/ars/.m2/repository/org/apiguardian/apiguardian-api/1.1.0/apiguardian-api-1.1.0.jar:/Users/ars/.m2/repository/org/opentest4j/opentest4j/1.2.0/opentest4j-1.2.0.jar:/Users/ars/.m2/repository/org/junit/platform/junit-platform-commons/1.7.2/junit-platform-commons-1.7.2.jar:/Users/ars/.m2/repository/org/hamcrest/hamcrest/2.2/hamcrest-2.2.jar:/Users/ars/.m2/repository/org/spockframework/spock-junit4/2.0-groovy-3.0/spock-junit4-2.0-groovy-3.0.jar:/Users/ars/.m2/repository/junit/junit/4.13.2/junit-4.13.2.jar:/Users/ars/.m2/repository/org/codehaus/groovy/groovy/3.0.8/groovy-3.0.8.jar:/Users/ars/.m2/repository/net/bytebuddy/byte-buddy/1.11.0/byte-buddy-1.11.0.jar:/Users/ars/.m2/repository/org/objenesis/objenesis/3.2/objenesis-3.2.jar:/Users/ars/.m2/repository/org/hamcrest/hamcrest-core/2.2/hamcrest-core-2.2.jar:"/>
    <property name="sun.cpu.endian" value="little"/>
    <property name="user.home" value="/Users/ars"/>
    <property name="user.language" value="en"/>
    <property name="java.specification.vendor" value="Oracle Corporation"/>
    <property name="java.version.date" value="2021-10-19"/>
    <property name="java.home" value="/usr/local/Cellar/openjdk/17.0.1/libexec/openjdk.jdk/Contents/Home"/>
    <property name="file.separator" value="/"/>
    <property name="basedir" value="/Users/ars/Repositories/bank2022/bank"/>
    <property name="java.vm.compressedOopsMode" value="Zero based"/>
    <property name="line.separator" value="&#10;"/>
    <property name="java.vm.specification.vendor" value="Oracle Corporation"/>
    <property name="java.specification.name" value="Java Platform API Specification"/>
    <property name="surefire.real.class.path" value="/Users/ars/Repositories/bank2022/bank/target/surefire/surefirebooter9743704920649942061.jar"/>
    <property name="sun.management.compiler" value="HotSpot 64-Bit Tiered Compilers"/>
    <property name="ftp.nonProxyHosts" value="local|*.local|169.254/16|*.169.254/16"/>
    <property name="java.runtime.version" value="17.0.1+0"/>
    <property name="user.name" value="ars"/>
    <property name="path.separator" value=":"/>
    <property name="os.version" value="12.1"/>
    <property name="java.runtime.name" value="OpenJDK Runtime Environment"/>
    <property name="file.encoding" value="UTF-8"/>
    <property name="java.vm.name" value="OpenJDK 64-Bit Server VM"/>
    <property name="java.vendor.version" value="Homebrew"/>
    <property name="localRepository" value="/Users/ars/.m2/repository"/>
    <property name="java.vendor.url.bug" value="https://github.com/Homebrew/homebrew-core/issues"/>
    <property name="java.io.tmpdir" value="/var/folders/vk/lzd9cww95x15ntfsjg_dzb840000gn/T/"/>
    <property name="java.version" value="17.0.1"/>
    <property name="user.dir" value="/Users/ars/Repositories/bank2022/bank"/>
    <property name="os.arch" value="x86_64"/>
    <property name="java.vm.specification.name" value="Java Virtual Machine Specification"/>
    <property name="native.encoding" value="UTF-8"/>
    <property name="java.library.path" value="/Users/ars/Library/Java/Extensions:/Library/Java/Extensions:/Network/Library/Java/Extensions:/System/Library/Java/Extensions:/usr/lib/java:."/>
    <property name="java.vm.info" value="mixed mode, sharing"/>
    <property name="java.vendor" value="Homebrew"/>
    <property name="java.vm.version" value="17.0.1+0"/>
    <property name="sun.io.unicode.encoding" value="UnicodeBig"/>
    <property name="socksNonProxyHosts" value="local|*.local|169.254/16|*.169.254/16"/>
    <property name="java.class.version" value="61.0"/>
  </properties>
  <testcase name="deposit 100 in CheckingAccount balance is 110" classname="pt.ulisboa.tecnico.learnjava.bank.account.DepositMethodTest" time="0.004"/>
  <testcase name="deposit 1 in CheckingAccount balance is 11" classname="pt.ulisboa.tecnico.learnjava.bank.account.DepositMethodTest" time="0"/>
  <testcase name="deposit #amount in CheckingAccount balance is #balance" classname="pt.ulisboa.tecnico.learnjava.bank.account.DepositMethodTest" time="0.034"/>
  <testcase name="deposit 0 in CheckingAccount balance is 10 and throw class pt.ulisboa.tecnico.learnjava.bank.exceptions.AccountException" classname="pt.ulisboa.tecnico.learnjava.bank.account.DepositMethodTest" time="0.001"/>
  <testcase name="deposit -100 in CheckingAccount balance is 10 and throw class pt.ulisboa.tecnico.learnjava.bank.exceptions.AccountException" classname="pt.ulisboa.tecnico.learnjava.bank.account.DepositMethodTest" time="0"/>
  <testcase name="deposit #amount in CheckingAccount balance is #balance and throw #exception" classname="pt.ulisboa.tecnico.learnjava.bank.account.DepositMethodTest" time="0.003"/>
</testsuite>